<?xml version="1.0" encoding="UTF-8"?>
<!-- Generated by org.testng.reporters.JUnitXMLReporter -->
<testsuite hostname="ojt23-PC" name="Test" tests="1" failures="0" timestamp="25 Oct 2019 04:47:26 GMT" time="3.827" errors="0">
  <testcase name="@BeforeTest launchapp" time="0.0" classname="DriverFactory.DataDrivenFramework">
    <failure type="org.openqa.selenium.SessionNotCreatedException" message="session not created: This version of ChromeDriver only supports Chrome version 76
Build info: version: &amp;apos;3.14.0&amp;apos;, revision: &amp;apos;aacccce0&amp;apos;, time: &amp;apos;2018-08-02T20:13:22.693Z&amp;apos;
System info: host: &amp;apos;OJT23-PC&amp;apos;, ip: &amp;apos;10.0.0.123&amp;apos;, os.name: &amp;apos;Windows 7&amp;apos;, os.arch: &amp;apos;amd64&amp;apos;, os.version: &amp;apos;6.1&amp;apos;, java.version: &amp;apos;1.8.0_121&amp;apos;
Driver info: driver.version: ChromeDriver
remote stacktrace: Backtrace:
	Ordinal0 [0x01477C53+1473619]
	Ordinal0 [0x013FAD71+961905]
	Ordinal0 [0x013842B3+475827]
	Ordinal0 [0x0131F365+62309]
	Ordinal0 [0x0131BC77+48247]
	Ordinal0 [0x01339149+168265]
	Ordinal0 [0x01338D1D+167197]
	Ordinal0 [0x0133742B+160811]
	Ordinal0 [0x01320AE6+68326]
	Ordinal0 [0x01321BF0+72688]
	Ordinal0 [0x01321B89+72585]
	Ordinal0 [0x01414B37+1067831]
	GetHandleVerifier [0x01516845+506677]
	GetHandleVerifier [0x015165E0+506064]
	GetHandleVerifier [0x0151D188+533624]
	GetHandleVerifier [0x0151701A+508682]
	Ordinal0 [0x0140C226+1032742]
	Ordinal0 [0x0140C09F+1032351]
	Ordinal0 [0x01416A4B+1075787]
	Ordinal0 [0x01416BB3+1076147]
	Ordinal0 [0x01415B65+1071973]
	BaseThreadInitThunk [0x75CE33CA+18]
	RtlInitializeExceptionChain [0x77B99ED2+99]
	RtlInitializeExceptionChain [0x77B99EA5+54]
">
      <![CDATA[org.openqa.selenium.SessionNotCreatedException: session not created: This version of ChromeDriver only supports Chrome version 76
Build info: version: '3.14.0', revision: 'aacccce0', time: '2018-08-02T20:13:22.693Z'
System info: host: 'OJT23-PC', ip: '10.0.0.123', os.name: 'Windows 7', os.arch: 'amd64', os.version: '6.1', java.version: '1.8.0_121'
Driver info: driver.version: ChromeDriver
remote stacktrace: Backtrace:
	Ordinal0 [0x01477C53+1473619]
	Ordinal0 [0x013FAD71+961905]
	Ordinal0 [0x013842B3+475827]
	Ordinal0 [0x0131F365+62309]
	Ordinal0 [0x0131BC77+48247]
	Ordinal0 [0x01339149+168265]
	Ordinal0 [0x01338D1D+167197]
	Ordinal0 [0x0133742B+160811]
	Ordinal0 [0x01320AE6+68326]
	Ordinal0 [0x01321BF0+72688]
	Ordinal0 [0x01321B89+72585]
	Ordinal0 [0x01414B37+1067831]
	GetHandleVerifier [0x01516845+506677]
	GetHandleVerifier [0x015165E0+506064]
	GetHandleVerifier [0x0151D188+533624]
	GetHandleVerifier [0x0151701A+508682]
	Ordinal0 [0x0140C226+1032742]
	Ordinal0 [0x0140C09F+1032351]
	Ordinal0 [0x01416A4B+1075787]
	Ordinal0 [0x01416BB3+1076147]
	Ordinal0 [0x01415B65+1071973]
	BaseThreadInitThunk [0x75CE33CA+18]
	RtlInitializeExceptionChain [0x77B99ED2+99]
	RtlInitializeExceptionChain [0x77B99EA5+54]

	at org.openqa.selenium.remote.W3CHandshakeResponse.lambda$new$0(W3CHandshakeResponse.java:57)
	at org.openqa.selenium.remote.W3CHandshakeResponse.lambda$getResponseFunction$2(W3CHandshakeResponse.java:104)
	at org.openqa.selenium.remote.ProtocolHandshake.lambda$createSession$0(ProtocolHandshake.java:122)
	at java.util.stream.ReferencePipeline$3$1.accept(Unknown Source)
	at java.util.Spliterators$ArraySpliterator.tryAdvance(Unknown Source)
	at java.util.stream.ReferencePipeline.forEachWithCancel(Unknown Source)
	at java.util.stream.AbstractPipeline.copyIntoWithCancel(Unknown Source)
	at java.util.stream.AbstractPipeline.copyInto(Unknown Source)
	at java.util.stream.AbstractPipeline.wrapAndCopyInto(Unknown Source)
	at java.util.stream.FindOps$FindOp.evaluateSequential(Unknown Source)
	at java.util.stream.AbstractPipeline.evaluate(Unknown Source)
	at java.util.stream.ReferencePipeline.findFirst(Unknown Source)
	at org.openqa.selenium.remote.ProtocolHandshake.createSession(ProtocolHandshake.java:125)
	at org.openqa.selenium.remote.ProtocolHandshake.createSession(ProtocolHandshake.java:73)
	at org.openqa.selenium.remote.HttpCommandExecutor.execute(HttpCommandExecutor.java:136)
	at org.openqa.selenium.remote.service.DriverCommandExecutor.execute(DriverCommandExecutor.java:83)
	at org.openqa.selenium.remote.RemoteWebDriver.execute(RemoteWebDriver.java:548)
	at org.openqa.selenium.remote.RemoteWebDriver.startSession(RemoteWebDriver.java:212)
	at org.openqa.selenium.remote.RemoteWebDriver.<init>(RemoteWebDriver.java:130)
	at org.openqa.selenium.chrome.ChromeDriver.<init>(ChromeDriver.java:181)
	at org.openqa.selenium.chrome.ChromeDriver.<init>(ChromeDriver.java:168)
	at org.openqa.selenium.chrome.ChromeDriver.<init>(ChromeDriver.java:123)
	at CommonfunLibrary.ERP_Functions.launchurl(ERP_Functions.java:15)
	at DriverFactory.DataDrivenFramework.launchapp(DataDrivenFramework.java:19)
... Removed 25 stack frames]]>
    </failure>
  </testcase> <!-- @BeforeTest launchapp -->
  <testcase name="@AfterTest logout" time="0.0" classname="DriverFactory.DataDrivenFramework">
    <skipped/>
  </testcase> <!-- @AfterTest logout -->
  <testcase name="suppliercreation" time="0.0" classname="DriverFactory.DataDrivenFramework">
    <skipped/>
  </testcase> <!-- suppliercreation -->
</testsuite> <!-- Test -->
