<?xml version="1.0" encoding="UTF-8"?>
<!-- Generated by org.testng.reporters.JUnitReportReporter -->
<testsuite hostname="ojt23-PC" name="DriverFactory.DataDrivenFramework" tests="1" failures="0" timestamp="25 Oct 2019 04:47:26 GMT" time="0.000" errors="1">
  <testcase name="suppliercreation" time="0.000" classname="DriverFactory.DataDrivenFramework">
    <error type="org.openqa.selenium.SessionNotCreatedException" message="session not created: This version of ChromeDriver only supports Chrome version 76
Build info: version: &#039;3.14.0&#039;, revision: &#039;aacccce0&#039;, time: &#039;2018-08-02T20:13:22.693Z&#039;
System info: host: &#039;OJT23-PC&#039;, ip: &#039;10.0.0.123&#039;, os.name: &#039;Windows 7&#039;, os.arch: &#039;amd64&#039;, os.version: &#039;6.1&#039;, java.version: &#039;1.8.0_121&#039;
Driver info: driver.version: ChromeDriver
remote stacktrace: Backtrace:
	Ordinal0 [0x01477C53+1473619]
	Ordinal0 [0x013FAD71+961905]
	Ordinal0 [0x013842B3+475827]
	Ordinal0 [0x0131F365+62309]
	Ordinal0 [0x0131BC77+48247]
	Ordinal0 [0x01339149+168265]
	Ordinal0 [0x01338D1D+167197]
	Ordinal0 [0x0133742B+160811]
	Ordinal0 [0x01320AE6+68326]
	Ordinal0 [0x01321BF0+72688]
	Ordinal0 [0x01321B89+72585]
	Ordinal0 [0x01414B37+1067831]
	GetHandleVerifier [0x01516845+506677]
	GetHandleVerifier [0x015165E0+506064]
	GetHandleVerifier [0x0151D188+533624]
	GetHandleVerifier [0x0151701A+508682]
	Ordinal0 [0x0140C226+1032742]
	Ordinal0 [0x0140C09F+1032351]
	Ordinal0 [0x01416A4B+1075787]
	Ordinal0 [0x01416BB3+1076147]
	Ordinal0 [0x01415B65+1071973]
	BaseThreadInitThunk [0x75CE33CA+18]
	RtlInitializeExceptionChain [0x77B99ED2+99]
	RtlInitializeExceptionChain [0x77B99EA5+54]
">
      <![CDATA[org.openqa.selenium.SessionNotCreatedException: session not created: This version of ChromeDriver only supports Chrome version 76
Build info: version: '3.14.0', revision: 'aacccce0', time: '2018-08-02T20:13:22.693Z'
System info: host: 'OJT23-PC', ip: '10.0.0.123', os.name: 'Windows 7', os.arch: 'amd64', os.version: '6.1', java.version: '1.8.0_121'
Driver info: driver.version: ChromeDriver
remote stacktrace: Backtrace:
	Ordinal0 [0x01477C53+1473619]
	Ordinal0 [0x013FAD71+961905]
	Ordinal0 [0x013842B3+475827]
	Ordinal0 [0x0131F365+62309]
	Ordinal0 [0x0131BC77+48247]
	Ordinal0 [0x01339149+168265]
	Ordinal0 [0x01338D1D+167197]
	Ordinal0 [0x0133742B+160811]
	Ordinal0 [0x01320AE6+68326]
	Ordinal0 [0x01321BF0+72688]
	Ordinal0 [0x01321B89+72585]
	Ordinal0 [0x01414B37+1067831]
	GetHandleVerifier [0x01516845+506677]
	GetHandleVerifier [0x015165E0+506064]
	GetHandleVerifier [0x0151D188+533624]
	GetHandleVerifier [0x0151701A+508682]
	Ordinal0 [0x0140C226+1032742]
	Ordinal0 [0x0140C09F+1032351]
	Ordinal0 [0x01416A4B+1075787]
	Ordinal0 [0x01416BB3+1076147]
	Ordinal0 [0x01415B65+1071973]
	BaseThreadInitThunk [0x75CE33CA+18]
	RtlInitializeExceptionChain [0x77B99ED2+99]
	RtlInitializeExceptionChain [0x77B99EA5+54]

	at sun.reflect.NativeConstructorAccessorImpl.newInstance0(Native Method)
	at sun.reflect.NativeConstructorAccessorImpl.newInstance(Unknown Source)
	at sun.reflect.DelegatingConstructorAccessorImpl.newInstance(Unknown Source)
	at java.lang.reflect.Constructor.newInstance(Unknown Source)
	at org.openqa.selenium.remote.W3CHandshakeResponse.lambda$new$0(W3CHandshakeResponse.java:57)
	at org.openqa.selenium.remote.W3CHandshakeResponse.lambda$getResponseFunction$2(W3CHandshakeResponse.java:104)
	at org.openqa.selenium.remote.ProtocolHandshake.lambda$createSession$0(ProtocolHandshake.java:122)
	at java.util.stream.ReferencePipeline$3$1.accept(Unknown Source)
	at java.util.Spliterators$ArraySpliterator.tryAdvance(Unknown Source)
	at java.util.stream.ReferencePipeline.forEachWithCancel(Unknown Source)
	at java.util.stream.AbstractPipeline.copyIntoWithCancel(Unknown Source)
	at java.util.stream.AbstractPipeline.copyInto(Unknown Source)
	at java.util.stream.AbstractPipeline.wrapAndCopyInto(Unknown Source)
	at java.util.stream.FindOps$FindOp.evaluateSequential(Unknown Source)
	at java.util.stream.AbstractPipeline.evaluate(Unknown Source)
	at java.util.stream.ReferencePipeline.findFirst(Unknown Source)
	at org.openqa.selenium.remote.ProtocolHandshake.createSession(ProtocolHandshake.java:125)
	at org.openqa.selenium.remote.ProtocolHandshake.createSession(ProtocolHandshake.java:73)
	at org.openqa.selenium.remote.HttpCommandExecutor.execute(HttpCommandExecutor.java:136)
	at org.openqa.selenium.remote.service.DriverCommandExecutor.execute(DriverCommandExecutor.java:83)
	at org.openqa.selenium.remote.RemoteWebDriver.execute(RemoteWebDriver.java:548)
	at org.openqa.selenium.remote.RemoteWebDriver.startSession(RemoteWebDriver.java:212)
	at org.openqa.selenium.remote.RemoteWebDriver.<init>(RemoteWebDriver.java:130)
	at org.openqa.selenium.chrome.ChromeDriver.<init>(ChromeDriver.java:181)
	at org.openqa.selenium.chrome.ChromeDriver.<init>(ChromeDriver.java:168)
	at org.openqa.selenium.chrome.ChromeDriver.<init>(ChromeDriver.java:123)
	at CommonfunLibrary.ERP_Functions.launchurl(ERP_Functions.java:15)
	at DriverFactory.DataDrivenFramework.launchapp(DataDrivenFramework.java:19)
	at sun.reflect.NativeMethodAccessorImpl.invoke0(Native Method)
	at sun.reflect.NativeMethodAccessorImpl.invoke(Unknown Source)
	at sun.reflect.DelegatingMethodAccessorImpl.invoke(Unknown Source)
	at java.lang.reflect.Method.invoke(Unknown Source)
	at org.testng.internal.MethodInvocationHelper.invokeMethod(MethodInvocationHelper.java:85)
	at org.testng.internal.Invoker.invokeConfigurationMethod(Invoker.java:510)
	at org.testng.internal.Invoker.invokeConfigurations(Invoker.java:211)
	at org.testng.internal.Invoker.invokeConfigurations(Invoker.java:138)
	at org.testng.TestRunner.beforeRun(TestRunner.java:648)
	at org.testng.TestRunner.run(TestRunner.java:616)
	at org.testng.SuiteRunner.runTest(SuiteRunner.java:359)
	at org.testng.SuiteRunner.runSequentially(SuiteRunner.java:354)
	at org.testng.SuiteRunner.privateRun(SuiteRunner.java:312)
	at org.testng.SuiteRunner.run(SuiteRunner.java:261)
	at org.testng.SuiteRunnerWorker.runSuite(SuiteRunnerWorker.java:52)
	at org.testng.SuiteRunnerWorker.run(SuiteRunnerWorker.java:86)
	at org.testng.TestNG.runSuitesSequentially(TestNG.java:1215)
	at org.testng.TestNG.runSuitesLocally(TestNG.java:1140)
	at org.testng.TestNG.run(TestNG.java:1048)
	at org.testng.TestNG.privateMain(TestNG.java:1355)
	at org.testng.TestNG.main(TestNG.java:1324)
]]>
    </error>
  </testcase> <!-- suppliercreation -->
</testsuite> <!-- DriverFactory.DataDrivenFramework -->
